Arguments: 
  C:\Program Files\nodejs\node.exe C:\Users\PICHAU\AppData\Roaming\npm\node_modules\yarn\bin\yarn.js add express

PATH: 
  C:\Program Files\Java\zulu11.56.19-ca-jdk11.0.15-win_x64\bin;C:\Program Files (x86)\PC Connectivity Solution\;C:\Program Files (x86)\NVIDIA Corporation\PhysX\Common;C:\WINDOWS\system32;C:\WINDOWS;C:\WINDOWS\System32\Wbem;C:\WINDOWS\System32\WindowsPowerShell\v1.0\;C:\WINDOWS\System32\OpenSSH\;C:\Program Files\Git\cmd;C:\Program Files\nodejs\;C:\Users\PICHAU\AppData\Local\Programs\Python\Python39\Scripts\;C:\Users\PICHAU\AppData\Local\Programs\Python\Python39\;C:\Users\PICHAU\AppData\Local\Microsoft\WindowsApps;C:\Users\PICHAU\AppData\Roaming\npm;C:\Users\PICHAU\AppData\Local\Programs\Microsoft VS Code\bin

Yarn version: 
  1.22.19

Node version: 
  16.15.1

Platform: 
  win32 x64

Trace: 
  SyntaxError: C:\Users\PICHAU\Desktop\Paipe\Back End\package.json: Unexpected string in JSON at position 88
      at JSON.parse (<anonymous>)
      at C:\Users\PICHAU\AppData\Roaming\npm\node_modules\yarn\lib\cli.js:1629:59
      at Generator.next (<anonymous>)
      at step (C:\Users\PICHAU\AppData\Roaming\npm\node_modules\yarn\lib\cli.js:310:30)
      at C:\Users\PICHAU\AppData\Roaming\npm\node_modules\yarn\lib\cli.js:321:13

npm manifest: 
  {
    "name": "backend",
    "version": "1.0.0",
    "main": "index.js",
    "license": "MIT"
    "devDependencies": {
      "typescript": "^4.7.4"
    },
  }

yarn manifest: 
  No manifest

Lockfile: 
  # THIS IS AN AUTOGENERATED FILE. DO NOT EDIT THIS FILE DIRECTLY.
  # yarn lockfile v1
  
  
  typescript@^4.7.4:
    version "4.7.4"
    resolved "https://registry.yarnpkg.com/typescript/-/typescript-4.7.4.tgz#1a88596d1cf47d59507a1bcdfb5b9dfe4d488235"
    integrity sha512-C0WQT0gezHuw6AdY1M2jxUO83Rjf0HP7Sk1DtXj6j1EwkQNZrHAg2XPWlq62oqEhYvONq5pkC2Y9oPljWToLmQ==
